<?xml version="1.0" encoding="UTF-8"?>
<!-- Generated by org.testng.reporters.JUnitReportReporter -->
<testsuite hostname="Akshay" failures="0" tests="1" name="com.api.tests.LoginApiTest" time="1.295" errors="0" timestamp="2025-09-11T22:59:24 IST" skipped="0">
  <testcase classname="com.api.tests.LoginApiTest" name="loginTest" time="1.295"/>
</testsuite> <!-- com.api.tests.LoginApiTest -->
