<?xml version="1.0" encoding="UTF-8"?>
<!-- Generated by org.testng.reporters.JUnitReportReporter -->
<testsuite hostname="LAP_AALSHI" failures="0" tests="1" name="com.api.tests.ForgetPassword_Test" time="6.307" errors="0" timestamp="2025-09-17T15:55:37 IST" skipped="0">
  <testcase classname="com.api.tests.ForgetPassword_Test" name="verifyForgetPass" time="6.307"/>
</testsuite> <!-- com.api.tests.ForgetPassword_Test -->
