<?xml version="1.0" encoding="UTF-8"?>
<!-- Generated by org.testng.reporters.JUnitReportReporter -->
<testsuite hostname="LAP_AALSHI" failures="0" tests="1" name="com.api.tests.LoginApiTest" time="5.171" errors="0" timestamp="2025-09-22T20:21:15 IST" skipped="0">
  <testcase classname="com.api.tests.LoginApiTest" name="loginTest" time="5.171"/>
</testsuite> <!-- com.api.tests.LoginApiTest -->
