<?xml version="1.0" encoding="UTF-8"?>
<!-- Generated by org.testng.reporters.JUnitReportReporter -->
<testsuite hostname="LAP_AALSHI" failures="0" tests="1" name="com.api.tests.ForgetPassword_Test" time="0.503" errors="0" timestamp="2025-09-26T17:32:52 IST" skipped="0">
  <testcase classname="com.api.tests.ForgetPassword_Test" name="verifyForgetPass" time="0.503"/>
</testsuite> <!-- com.api.tests.ForgetPassword_Test -->
