<?xml version="1.0" encoding="UTF-8"?>
<!-- Generated by org.testng.reporters.JUnitReportReporter -->
<testsuite hostname="LAP_AALSHI" failures="0" tests="1" name="com.api.tests.AccountCreatetionTest" time="2.231" errors="0" timestamp="2025-09-17T15:17:47 IST" skipped="0">
  <testcase classname="com.api.tests.AccountCreatetionTest" name="accountCreatetionTest" time="2.231"/>
</testsuite> <!-- com.api.tests.AccountCreatetionTest -->
