<?xml version="1.0" encoding="UTF-8"?>
<!-- Generated by org.testng.reporters.JUnitReportReporter -->
<testsuite hostname="LAP_AALSHI" failures="0" tests="1" name="com.api.tests.UpdateProfileTest" time="3.259" errors="0" timestamp="2025-09-20T16:26:51 IST" skipped="0">
  <testcase classname="com.api.tests.UpdateProfileTest" name="updateProfileTest" time="3.259"/>
</testsuite> <!-- com.api.tests.UpdateProfileTest -->
