<?xml version="1.0" encoding="UTF-8"?>
<!-- Generated by org.testng.reporters.JUnitReportReporter -->
<testsuite hostname="LAP_AALSHI" failures="0" tests="1" name="com.api.tests.GetProfileRequestTest" time="2.432" errors="0" timestamp="2025-09-19T14:04:18 IST" skipped="0">
  <testcase classname="com.api.tests.GetProfileRequestTest" name="getProfileInfoTest" time="2.432"/>
</testsuite> <!-- com.api.tests.GetProfileRequestTest -->
